[22:18:41] [Client thread/INFO]: Setting user: Zhe_Learn
[22:18:41] [Client thread/INFO]: (Session ID is token:0:Zhe_Learn)
[22:18:42] [Client thread/INFO]: LWJGL Version: 2.9.1
[22:18:43] [Client thread/INFO]: Reloading ResourceManager: Default
[22:18:43] [Sound Library Loader/INFO]: Starting up SoundSystem...
[22:18:43] [Thread-7/INFO]: Initializing LWJGL OpenAL
[22:18:43] [Thread-7/INFO]: (The LWJGL binding of OpenAL.  For more information, see http://www.lwjgl.org)
[22:18:43] [Thread-7/INFO]: OpenAL initialized.
[22:18:44] [Sound Library Loader/INFO]: Sound engine started
[22:18:45] [Client thread/ERROR]: Using missing texture, unable to load minecraft:mcpatcher/ctm/default/empty.png, java.io.FileNotFoundException
[22:18:45] [Client thread/INFO]: Created: 512x512 textures-atlas
[22:19:37] [Client thread/INFO]: Stopping!
[22:19:37] [Client thread/INFO]: SoundSystem shutting down...
[22:19:37] [Client thread/WARN]: Author: Paul Lamb, www.paulscode.com
1
[22:19:37] [Client thread/INFO]: Reloading ResourceManager: Default
[22:19:37] [Sound Library Loader/INFO]: Starting up SoundSystem...
[22:19:38] [Thread-6/INFO]: Initializing LWJGL OpenAL
[22:19:38] [Thread-6/INFO]: (The LWJGL binding of OpenAL.  For more information, see http://www.lwjgl.org)
[22:19:38] [Thread-6/INFO]: OpenAL initialized.
[22:19:38] [Sound Library Loader/INFO]: Sound engine started
[22:19:40] [Client thread/ERROR]: Using missing texture, unable to load minecraft:mcpatcher/ctm/default/empty.png, java.io.FileNotFoundException
[22:19:40] [Client thread/INFO]: Created: 512x512 textures-atlas
